D:\E Drive Backup\Task\this\AngularApi\Angular\devramp\dist\out-tsc\e2e\src\app.po.js
D:\E Drive Backup\Task\this\AngularApi\Angular\devramp\dist\out-tsc\e2e\src\app.po.js.map
D:\E Drive Backup\Task\this\AngularApi\Angular\devramp\dist\out-tsc\e2e\src\app.e2e-spec.js
D:\E Drive Backup\Task\this\AngularApi\Angular\devramp\dist\out-tsc\e2e\src\app.e2e-spec.js.map
D:\E Drive Backup\Task\this\AngularApi\Angular\devramp\dist\out-tsc\src\app\home\home.component.js
D:\E Drive Backup\Task\this\AngularApi\Angular\devramp\dist\out-tsc\src\app\home\home.component.js.map
D:\E Drive Backup\Task\this\AngularApi\Angular\devramp\dist\out-tsc\src\app\calculation-details\calculation-details.component.js
D:\E Drive Backup\Task\this\AngularApi\Angular\devramp\dist\out-tsc\src\app\calculation-details\calculation-details.component.js.map
D:\E Drive Backup\Task\this\AngularApi\Angular\devramp\dist\out-tsc\src\app\shared\calculation-detail.model.js
D:\E Drive Backup\Task\this\AngularApi\Angular\devramp\dist\out-tsc\src\app\shared\calculation-detail.model.js.map
D:\E Drive Backup\Task\this\AngularApi\Angular\devramp\dist\out-tsc\src\app\shared\calculation-detail.service.js
D:\E Drive Backup\Task\this\AngularApi\Angular\devramp\dist\out-tsc\src\app\shared\calculation-detail.service.js.map
D:\E Drive Backup\Task\this\AngularApi\Angular\devramp\dist\out-tsc\src\app\calculation-details\calculation-detail\calculation-detail.component.js
D:\E Drive Backup\Task\this\AngularApi\Angular\devramp\dist\out-tsc\src\app\calculation-details\calculation-detail\calculation-detail.component.js.map
D:\E Drive Backup\Task\this\AngularApi\Angular\devramp\dist\out-tsc\src\app\app-routing.module.js
D:\E Drive Backup\Task\this\AngularApi\Angular\devramp\dist\out-tsc\src\app\app-routing.module.js.map
D:\E Drive Backup\Task\this\AngularApi\Angular\devramp\dist\out-tsc\src\app\app.component.js
D:\E Drive Backup\Task\this\AngularApi\Angular\devramp\dist\out-tsc\src\app\app.component.js.map
D:\E Drive Backup\Task\this\AngularApi\Angular\devramp\dist\out-tsc\src\app\auth\auth.interceptor.js
D:\E Drive Backup\Task\this\AngularApi\Angular\devramp\dist\out-tsc\src\app\auth\auth.interceptor.js.map
D:\E Drive Backup\Task\this\AngularApi\Angular\devramp\dist\out-tsc\src\app\calculation-details\calculation-detail-list\calculation-detail-list.component.js
D:\E Drive Backup\Task\this\AngularApi\Angular\devramp\dist\out-tsc\src\app\calculation-details\calculation-detail-list\calculation-detail-list.component.js.map
D:\E Drive Backup\Task\this\AngularApi\Angular\devramp\dist\out-tsc\src\app\app.module.js
D:\E Drive Backup\Task\this\AngularApi\Angular\devramp\dist\out-tsc\src\app\app.module.js.map
D:\E Drive Backup\Task\this\AngularApi\Angular\devramp\dist\out-tsc\src\environments\environment.js
D:\E Drive Backup\Task\this\AngularApi\Angular\devramp\dist\out-tsc\src\environments\environment.js.map
D:\E Drive Backup\Task\this\AngularApi\Angular\devramp\dist\out-tsc\src\main.js
D:\E Drive Backup\Task\this\AngularApi\Angular\devramp\dist\out-tsc\src\main.js.map
D:\E Drive Backup\Task\this\AngularApi\Angular\devramp\dist\out-tsc\src\polyfills.js
D:\E Drive Backup\Task\this\AngularApi\Angular\devramp\dist\out-tsc\src\polyfills.js.map
D:\E Drive Backup\Task\this\AngularApi\Angular\devramp\dist\out-tsc\src\test.js
D:\E Drive Backup\Task\this\AngularApi\Angular\devramp\dist\out-tsc\src\test.js.map
D:\E Drive Backup\Task\this\AngularApi\Angular\devramp\dist\out-tsc\src\app\app.component.spec.js
D:\E Drive Backup\Task\this\AngularApi\Angular\devramp\dist\out-tsc\src\app\app.component.spec.js.map
D:\E Drive Backup\Task\this\AngularApi\Angular\devramp\dist\out-tsc\src\app\admin-panel\admin-panel.component.js
D:\E Drive Backup\Task\this\AngularApi\Angular\devramp\dist\out-tsc\src\app\admin-panel\admin-panel.component.js.map
D:\E Drive Backup\Task\this\AngularApi\Angular\devramp\dist\out-tsc\src\app\admin-panel\admin-panel.component.spec.js
D:\E Drive Backup\Task\this\AngularApi\Angular\devramp\dist\out-tsc\src\app\admin-panel\admin-panel.component.spec.js.map
D:\E Drive Backup\Task\this\AngularApi\Angular\devramp\dist\out-tsc\src\app\auth\auth.guard.js
D:\E Drive Backup\Task\this\AngularApi\Angular\devramp\dist\out-tsc\src\app\auth\auth.guard.js.map
D:\E Drive Backup\Task\this\AngularApi\Angular\devramp\dist\out-tsc\src\app\auth\auth.guard.spec.js
D:\E Drive Backup\Task\this\AngularApi\Angular\devramp\dist\out-tsc\src\app\auth\auth.guard.spec.js.map
D:\E Drive Backup\Task\this\AngularApi\Angular\devramp\dist\out-tsc\src\app\forbidden\forbidden.component.js
D:\E Drive Backup\Task\this\AngularApi\Angular\devramp\dist\out-tsc\src\app\forbidden\forbidden.component.js.map
D:\E Drive Backup\Task\this\AngularApi\Angular\devramp\dist\out-tsc\src\app\forbidden\forbidden.component.spec.js
D:\E Drive Backup\Task\this\AngularApi\Angular\devramp\dist\out-tsc\src\app\forbidden\forbidden.component.spec.js.map
D:\E Drive Backup\Task\this\AngularApi\Angular\devramp\dist\out-tsc\src\app\home\home.component.spec.js
D:\E Drive Backup\Task\this\AngularApi\Angular\devramp\dist\out-tsc\src\app\home\home.component.spec.js.map
D:\E Drive Backup\Task\this\AngularApi\Angular\devramp\dist\out-tsc\src\environments\environment.prod.js
D:\E Drive Backup\Task\this\AngularApi\Angular\devramp\dist\out-tsc\src\environments\environment.prod.js.map
